c:\users\lukeg\source\repos\porter_advalg_midterm\debug\vc142.pdb
c:\users\lukeg\source\repos\porter_advalg_midterm\debug\vc142.idb
c:\users\lukeg\source\repos\porter_advalg_midterm\debug\queue.obj
c:\users\lukeg\source\repos\porter_advalg_midterm\debug\priorityheap.obj
c:\users\lukeg\source\repos\porter_advalg_midterm\debug\playerqueue.obj
c:\users\lukeg\source\repos\porter_advalg_midterm\debug\player.obj
c:\users\lukeg\source\repos\porter_advalg_midterm\debug\gameserver.obj
c:\users\lukeg\source\repos\porter_advalg_midterm\debug\accountheap.obj
c:\users\lukeg\source\repos\porter_advalg_midterm\debug\account.obj
c:\users\lukeg\source\repos\porter_advalg_midterm\debug\porter_advalg_midterm.obj
c:\users\lukeg\source\repos\porter_advalg_midterm\debug\timer.obj
c:\users\lukeg\source\repos\porter_advalg_midterm\debug\porter_advalg_midterm.exe
c:\users\lukeg\source\repos\porter_advalg_midterm\debug\porter_advalg_midterm.ilk
c:\users\lukeg\source\repos\porter_advalg_midterm\debug\porter_advalg_midterm.pdb
c:\users\lukeg\source\repos\porter_advalg_midterm\debug\porter_advalg_midterm.obj.enc
c:\users\lukeg\source\repos\porter_advalg_midterm\debug\porter_a.ce2aeb78.tlog\cl.command.1.tlog
c:\users\lukeg\source\repos\porter_advalg_midterm\debug\porter_a.ce2aeb78.tlog\cl.read.1.tlog
c:\users\lukeg\source\repos\porter_advalg_midterm\debug\porter_a.ce2aeb78.tlog\cl.write.1.tlog
c:\users\lukeg\source\repos\porter_advalg_midterm\debug\porter_a.ce2aeb78.tlog\link.command.1.tlog
c:\users\lukeg\source\repos\porter_advalg_midterm\debug\porter_a.ce2aeb78.tlog\link.read.1.tlog
c:\users\lukeg\source\repos\porter_advalg_midterm\debug\porter_a.ce2aeb78.tlog\link.write.1.tlog
